<?xml version="1.0" encoding="UTF-8" ?>
<testsuite failures="0" time="0.148" errors="0" skipped="0" tests="81" name="io.jsonwebtoken.JwtParserTest">
  <properties>
    <property name="java.runtime.name" value="Java(TM) SE Runtime Environment"/>
    <property name="sun.boot.library.path" value="C:\Program Files\Java\jdk1.7.0_80\jre\bin"/>
    <property name="java.vm.version" value="24.80-b11"/>
    <property name="java.vm.vendor" value="Oracle Corporation"/>
    <property name="maven.multiModuleProjectDirectory" value="E:\i-face-web-app"/>
    <property name="java.vendor.url" value="http://java.oracle.com/"/>
    <property name="path.separator" value=";"/>
    <property name="guice.disable.misplaced.annotation.check" value="true"/>
    <property name="java.vm.name" value="Java HotSpot(TM) 64-Bit Server VM"/>
    <property name="file.encoding.pkg" value="sun.io"/>
    <property name="user.script" value=""/>
    <property name="user.country" value="US"/>
    <property name="sun.java.launcher" value="SUN_STANDARD"/>
    <property name="sun.os.patch.level" value=""/>
    <property name="java.vm.specification.name" value="Java Virtual Machine Specification"/>
    <property name="user.dir" value="E:\i-face-web-app"/>
    <property name="java.runtime.version" value="1.7.0_80-b15"/>
    <property name="java.awt.graphicsenv" value="sun.awt.Win32GraphicsEnvironment"/>
    <property name="java.endorsed.dirs" value="C:\Program Files\Java\jdk1.7.0_80\jre\lib\endorsed"/>
    <property name="os.arch" value="amd64"/>
    <property name="java.io.tmpdir" value="C:\Users\Dome\AppData\Local\Temp\"/>
    <property name="line.separator" value="
"/>
    <property name="java.vm.specification.vendor" value="Oracle Corporation"/>
    <property name="user.variant" value=""/>
    <property name="os.name" value="Windows 8.1"/>
    <property name="classworlds.conf" value="E:\iFae\.metadata\.plugins\org.eclipse.m2e.launching\launches\m2conf2878970595391832624.tmp"/>
    <property name="sun.jnu.encoding" value="MS874"/>
    <property name="java.library.path" value="C:\Program Files\Java\jdk1.7.0_80\bin;C:\Windows\Sun\Java\bin;C:\Windows\system32;C:\Windows;C:\Program Files (x86)\Intel\Intel(R) Management Engine Components\iCLS\;C:\Program Files\Intel\Intel(R) Management Engine Components\iCLS\;C:\Windows\system32;C:\Windows;C:\Windows\System32\Wbem;C:\Windows\System32\WindowsPowerShell\v1.0\;C:\Windows\System32\OpenSSH\;C:\Program Files (x86)\Intel\Intel(R) Management Engine Components\DAL;C:\Program Files\Intel\Intel(R) Management Engine Components\DAL;C:\Program Files (x86)\Intel\Intel(R) Management Engine Components\IPT;C:\Program Files\Intel\Intel(R) Management Engine Components\IPT;C:\Program Files\Intel\WiFi\bin\;C:\Program Files\Common Files\Intel\WirelessCommon\;C:\Bitnami\wampstack-5.6.30-1\php;C:\ProgramData\ComposerSetup\bin;C:\Program Files\Java\jdk1.7.0_80\bin;C:\Program Files\MySQL\MySQL Utilities 1.6\;C:\Users\Dome\AppData\Local\Microsoft\WindowsApps;C:\Users\Dome\AppData\Local\GitHubDesktop\bin;C:\Users\Dome\AppData\Roaming\Composer\vendor\bin;."/>
    <property name="java.specification.name" value="Java Platform API Specification"/>
    <property name="java.class.version" value="51.0"/>
    <property name="sun.management.compiler" value="HotSpot 64-Bit Tiered Compilers"/>
    <property name="os.version" value="6.3"/>
    <property name="user.home" value="C:\Users\Dome"/>
    <property name="user.timezone" value="Asia/Bangkok"/>
    <property name="java.awt.printerjob" value="sun.awt.windows.WPrinterJob"/>
    <property name="java.specification.version" value="1.7"/>
    <property name="file.encoding" value="MS874"/>
    <property name="user.name" value="Dome"/>
    <property name="java.class.path" value="C:\Users\Dome\.p2\pool\plugins\org.eclipse.m2e.maven.runtime_1.10.0.20181127-2120\jars\plexus-classworlds-2.5.2.jar"/>
    <property name="java.vm.specification.version" value="1.7"/>
    <property name="sun.arch.data.model" value="64"/>
    <property name="java.home" value="C:\Program Files\Java\jdk1.7.0_80\jre"/>
    <property name="sun.java.command" value="org.codehaus.plexus.classworlds.launcher.Launcher -B install"/>
    <property name="java.specification.vendor" value="Oracle Corporation"/>
    <property name="user.language" value="en"/>
    <property name="awt.toolkit" value="sun.awt.windows.WToolkit"/>
    <property name="java.vm.info" value="mixed mode"/>
    <property name="java.version" value="1.7.0_80"/>
    <property name="java.ext.dirs" value="C:\Program Files\Java\jdk1.7.0_80\jre\lib\ext;C:\Windows\Sun\Java\lib\ext"/>
    <property name="sun.boot.class.path" value="C:\Program Files\Java\jdk1.7.0_80\jre\lib\resources.jar;C:\Program Files\Java\jdk1.7.0_80\jre\lib\rt.jar;C:\Program Files\Java\jdk1.7.0_80\jre\lib\sunrsasign.jar;C:\Program Files\Java\jdk1.7.0_80\jre\lib\jsse.jar;C:\Program Files\Java\jdk1.7.0_80\jre\lib\jce.jar;C:\Program Files\Java\jdk1.7.0_80\jre\lib\charsets.jar;C:\Program Files\Java\jdk1.7.0_80\jre\lib\jfr.jar;C:\Program Files\Java\jdk1.7.0_80\jre\classes"/>
    <property name="java.vendor" value="Oracle Corporation"/>
    <property name="maven.home" value="E:\i-face-web-app\EMBEDDED"/>
    <property name="file.separator" value="\"/>
    <property name="java.vendor.url.bug" value="http://bugreport.sun.com/bugreport/"/>
    <property name="sun.cpu.endian" value="little"/>
    <property name="sun.io.unicode.encoding" value="UnicodeLittle"/>
    <property name="sun.desktop" value="windows"/>
    <property name="sun.cpu.isalist" value="amd64"/>
  </properties>
  <testcase time="0.002" classname="io.jsonwebtoken.JwtParserTest" name="testParseRequireId_Success"/>
  <testcase time="0.005" classname="io.jsonwebtoken.JwtParserTest" name="testParseClockManipulationWithFixedClock"/>
  <testcase time="0.003" classname="io.jsonwebtoken.JwtParserTest" name="testParseClaimsJwsWithNumericTypes"/>
  <testcase time="0.001" classname="io.jsonwebtoken.JwtParserTest" name="testParseClaimsJwtWithClaimsJws"/>
  <testcase time="0.005" classname="io.jsonwebtoken.JwtParserTest" name="testParseRequireIssuer_Missing_Fail"/>
  <testcase time="0.002" classname="io.jsonwebtoken.JwtParserTest" name="testParseWithExpiredJwt"/>
  <testcase time="0.002" classname="io.jsonwebtoken.JwtParserTest" name="testParseWithExpiredJwtWithinAllowedClockSkew"/>
  <testcase time="0.004" classname="io.jsonwebtoken.JwtParserTest" name="testParseRequireIssuedAt_Success"/>
  <testcase time="0.002" classname="io.jsonwebtoken.JwtParserTest" name="testParseWithJunkArgument"/>
  <testcase time="0.004" classname="io.jsonwebtoken.JwtParserTest" name="testParseRequireExpirationAt_Incorrect_Fail"/>
  <testcase time="0.01" classname="io.jsonwebtoken.JwtParserTest" name="testParseClaimsWithSigningKeyResolverInvalidKey"/>
  <testcase time="0.002" classname="io.jsonwebtoken.JwtParserTest" name="testParseRequireAudience_Incorrect_Fail"/>
  <testcase time="0.002" classname="io.jsonwebtoken.JwtParserTest" name="testParseClockManipulationWithDefaultClock"/>
  <testcase time="0.001" classname="io.jsonwebtoken.JwtParserTest" name="testIsSignedWithJunkArgument"/>
  <testcase time="0.002" classname="io.jsonwebtoken.JwtParserTest" name="testParseClaimsJwtWithPrematureJwt"/>
  <testcase time="0.001" classname="io.jsonwebtoken.JwtParserTest" name="testParseClaimsJwsWithClaimsJwt"/>
  <testcase time="0.002" classname="io.jsonwebtoken.JwtParserTest" name="testParseWithExpiredJwtNotWithinAllowedClockSkew"/>
  <testcase time="0.001" classname="io.jsonwebtoken.JwtParserTest" name="testParsePlaintextJws"/>
  <testcase time="0.002" classname="io.jsonwebtoken.JwtParserTest" name="testParsePlaintextJwt"/>
  <testcase time="0.001" classname="io.jsonwebtoken.JwtParserTest" name="testParsePlaintextJwtWithPlaintextJws"/>
  <testcase time="0.001" classname="io.jsonwebtoken.JwtParserTest" name="testParseClaimsJwsWithExpiredJws"/>
  <testcase time="0.001" classname="io.jsonwebtoken.JwtParserTest" name="testParseWithPrematureJwtNotWithinAllowedClockSkew"/>
  <testcase time="0.004" classname="io.jsonwebtoken.JwtParserTest" name="testParseClaimsWithSigningKeyResolverAndKey"/>
  <testcase time="0.002" classname="io.jsonwebtoken.JwtParserTest" name="testParseRequireExpiration_Missing_Fail"/>
  <testcase time="0.001" classname="io.jsonwebtoken.JwtParserTest" name="testSetDuplicateSigningKeys"/>
  <testcase time="0.002" classname="io.jsonwebtoken.JwtParserTest" name="testParseRequireSubject_Incorrect_Fail"/>
  <testcase time="0.003" classname="io.jsonwebtoken.JwtParserTest" name="testParsePlaintextJwsWithSigningKeyResolverAdapter"/>
  <testcase time="0.001" classname="io.jsonwebtoken.JwtParserTest" name="testParseRequireAudience_Missing_Fail"/>
  <testcase time="0.002" classname="io.jsonwebtoken.JwtParserTest" name="testParseWithPrematureJwtWithinAllowedClockSkew"/>
  <testcase time="0.002" classname="io.jsonwebtoken.JwtParserTest" name="testParseClaimsWithInvalidSigningKeyResolverAdapter"/>
  <testcase time="0.001" classname="io.jsonwebtoken.JwtParserTest" name="testParseClaimsJwsWithPlaintextJws"/>
  <testcase time="0.002" classname="io.jsonwebtoken.JwtParserTest" name="testParseClaimsJwsWithPlaintextJwt"/>
  <testcase time="0.001" classname="io.jsonwebtoken.JwtParserTest" name="testNoHeaderNoSig"/>
  <testcase time="0.002" classname="io.jsonwebtoken.JwtParserTest" name="testParseRequireIssuer_Incorrect_Fail"/>
  <testcase time="0.001" classname="io.jsonwebtoken.JwtParserTest" name="testParsePlaintextJwsWithIncorrectAlg"/>
  <testcase time="0.002" classname="io.jsonwebtoken.JwtParserTest" name="testParseRequireSubject_Success"/>
  <testcase time="0.001" classname="io.jsonwebtoken.JwtParserTest" name="testParseClaimsJws"/>
  <testcase time="0.001" classname="io.jsonwebtoken.JwtParserTest" name="testParseClaimsJwt"/>
  <testcase time="0.002" classname="io.jsonwebtoken.JwtParserTest" name="testParseRequireExpiration_Success"/>
  <testcase time="0.004" classname="io.jsonwebtoken.JwtParserTest" name="testParseClaimsWithSigningKeyResolverAndKeyBytes"/>
  <testcase time="0" classname="io.jsonwebtoken.JwtParserTest" name="testParseMalformedJwt"/>
  <testcase time="0.002" classname="io.jsonwebtoken.JwtParserTest" name="testParseWithBase64EncodedSigningKey"/>
  <testcase time="0.004" classname="io.jsonwebtoken.JwtParserTest" name="testParseRequireCustomDate_Success"/>
  <testcase time="0.001" classname="io.jsonwebtoken.JwtParserTest" name="testParseRequireIssuer_Success"/>
  <testcase time="0.004" classname="io.jsonwebtoken.JwtParserTest" name="testParseClaimsWithSigningKeyResolver"/>
  <testcase time="0.001" classname="io.jsonwebtoken.JwtParserTest" name="testParseRequireDontAllowEmptyClaimName"/>
  <testcase time="0.001" classname="io.jsonwebtoken.JwtParserTest" name="testParseRequireGeneric_Success"/>
  <testcase time="0.002" classname="io.jsonwebtoken.JwtParserTest" name="testParseRequireSubject_Missing_Fail"/>
  <testcase time="0.001" classname="io.jsonwebtoken.JwtParserTest" name="testParseClaimsJwtWithExpiredJwt"/>
  <testcase time="0.002" classname="io.jsonwebtoken.JwtParserTest" name="testParseWithPrematureJwt"/>
  <testcase time="0" classname="io.jsonwebtoken.JwtParserTest" name="testParseRequireDontAllowNullClaimValue"/>
  <testcase time="0.001" classname="io.jsonwebtoken.JwtParserTest" name="testNoHeaderSig"/>
  <testcase time="0.002" classname="io.jsonwebtoken.JwtParserTest" name="testParseJwsWithBadAlgHeader"/>
  <testcase time="0.001" classname="io.jsonwebtoken.JwtParserTest" name="testParseRequireCustomDate_Missing_Fail"/>
  <testcase time="0.002" classname="io.jsonwebtoken.JwtParserTest" name="testParseRequireNotBefore_Missing_Fail"/>
  <testcase time="0.002" classname="io.jsonwebtoken.JwtParserTest" name="testParseRequireIssuedAt_Missing_Fail"/>
  <testcase time="0.001" classname="io.jsonwebtoken.JwtParserTest" name="testParseClaimsJwtWithPlaintextJws"/>
  <testcase time="0.001" classname="io.jsonwebtoken.JwtParserTest" name="testParseClaimsJwtWithPlaintextJwt"/>
  <testcase time="0.002" classname="io.jsonwebtoken.JwtParserTest" name="testParseRequireNotBefore_Success"/>
  <testcase time="0.001" classname="io.jsonwebtoken.JwtParserTest" name="testParseRequireCustomDate_Incorrect_Fail"/>
  <testcase time="0.001" classname="io.jsonwebtoken.JwtParserTest" name="testParseRequireDontAllowNullClaimName"/>
  <testcase time="0.004" classname="io.jsonwebtoken.JwtParserTest" name="testParsePlaintextJwsWithSigningKeyResolverInvalidKey"/>
  <testcase time="0.001" classname="io.jsonwebtoken.JwtParserTest" name="testParseRequireId_Incorrect_Fail"/>
  <testcase time="0.002" classname="io.jsonwebtoken.JwtParserTest" name="testParsePlaintextJwtWithClaimsJws"/>
  <testcase time="0.001" classname="io.jsonwebtoken.JwtParserTest" name="testParsePlaintextJwtWithClaimsJwt"/>
  <testcase time="0.001" classname="io.jsonwebtoken.JwtParserTest" name="testParseWithInvalidSignature"/>
  <testcase time="0" classname="io.jsonwebtoken.JwtParserTest" name="testParseClockManipulationWithNullClock"/>
  <testcase time="0.002" classname="io.jsonwebtoken.JwtParserTest" name="testParseRequireId_Missing_Fail"/>
  <testcase time="0.002" classname="io.jsonwebtoken.JwtParserTest" name="testParseRequireIssuedAt_Incorrect_Fail"/>
  <testcase time="0" classname="io.jsonwebtoken.JwtParserTest" name="testParseClaimsWithNullSigningKeyResolver"/>
  <testcase time="0.001" classname="io.jsonwebtoken.JwtParserTest" name="testParseClaimsJwsWithPrematureJws"/>
  <testcase time="0.002" classname="io.jsonwebtoken.JwtParserTest" name="testParseRequireNotBefore_Incorrect_Fail"/>
  <testcase time="0.001" classname="io.jsonwebtoken.JwtParserTest" name="testParsePlaintextJwsWithPlaintextJwt"/>
  <testcase time="0.001" classname="io.jsonwebtoken.JwtParserTest" name="testParsePlaintextJwsWithInvalidSigningKeyResolverAdapter"/>
  <testcase time="0.002" classname="io.jsonwebtoken.JwtParserTest" name="testParseRequireAudience_Success"/>
  <testcase time="0.001" classname="io.jsonwebtoken.JwtParserTest" name="testBadHeaderSig"/>
  <testcase time="0.001" classname="io.jsonwebtoken.JwtParserTest" name="testParsePlaintextJwsWithClaimsJws"/>
  <testcase time="0.001" classname="io.jsonwebtoken.JwtParserTest" name="testParsePlaintextJwsWithClaimsJwt"/>
  <testcase time="0.002" classname="io.jsonwebtoken.JwtParserTest" name="testParseRequireedGeneric_Missing_Fail"/>
  <testcase time="0" classname="io.jsonwebtoken.JwtParserTest" name="testIsSignedWithNullArgument"/>
  <testcase time="0.001" classname="io.jsonwebtoken.JwtParserTest" name="testParseRequireGeneric_Incorrect_Fail"/>
</testsuite>